#
# There is insufficient memory for the Java Runtime Environment to continue.
# Native memory allocation (malloc) failed to allocate 32744 bytes for ChunkPool::allocate
# Possible reasons:
#   The system is out of physical RAM or swap space
#   The process is running with CompressedOops enabled, and the Java Heap may be blocking the growth of the native heap
# Possible solutions:
#   Reduce memory load on the system
#   Increase physical memory or swap space
#   Check if swap backing store is full
#   Decrease Java heap size (-Xmx/-Xms)
#   Decrease number of Java threads
#   Decrease Java thread stack sizes (-Xss)
#   Set larger code cache with -XX:ReservedCodeCacheSize=
#   JVM is running with Unscaled Compressed Oops mode in which the Java heap is
#     placed in the first 4GB address space. The Java Heap base address is the
#     maximum limit for the native heap growth. Please use -XX:HeapBaseMinAddress
#     to set the Java Heap base and to place the Java Heap above 4GB virtual address.
# This output file may be truncated or incomplete.
#
#  Out of Memory Error (allocation.cpp:272), pid=14436, tid=0x0000000000003568
#
# JRE version: Java(TM) SE Runtime Environment (8.0_281-b09) (build 1.8.0_281-b09)
# Java VM: Java HotSpot(TM) 64-Bit Server VM (25.281-b09 mixed mode windows-amd64 compressed oops)
# Failed to write core dump. Minidumps are not enabled by default on client versions of Windows
#

---------------  T H R E A D  ---------------

Current thread (0x000001c5c8995800):  JavaThread "C1 CompilerThread3" daemon [_thread_in_native, id=13672, stack(0x000000acb5300000,0x000000acb5400000)]

Stack: [0x000000acb5300000,0x000000acb5400000]
Native frames: (J=compiled Java code, j=interpreted, Vv=VM code, C=native code)
V  [jvm.dll+0x32e5b9]
V  [jvm.dll+0x275012]
V  [jvm.dll+0x275cbd]
V  [jvm.dll+0x26c6f5]
V  [jvm.dll+0xd569d]
V  [jvm.dll+0xd59fc]
V  [jvm.dll+0x269b3b]
V  [jvm.dll+0x3f940d]
V  [jvm.dll+0x400d1d]
V  [jvm.dll+0x3f8bf5]
V  [jvm.dll+0x3f8073]
V  [jvm.dll+0x4019db]
V  [jvm.dll+0x3f91ff]
V  [jvm.dll+0x3fcca3]
V  [jvm.dll+0x3e05cf]
V  [jvm.dll+0x3dfe3d]
V  [jvm.dll+0x3e001e]
V  [jvm.dll+0x3df771]
V  [jvm.dll+0x3e11af]
V  [jvm.dll+0xabe9b]
V  [jvm.dll+0xaa4fb]
V  [jvm.dll+0x23d6b2]
V  [jvm.dll+0x291cbc]
C  [ucrtbase.dll+0x26c0c]
C  [KERNEL32.DLL+0x154e0]
C  [ntdll.dll+0x485b]


Current CompileTask:
C1:  25440 3896       3       sun.nio.cs.UTF_8$Encoder::encodeArrayLoop (489 bytes)


---------------  P R O C E S S  ---------------

Java Threads: ( => current thread )
  0x000001c5ca7d8000 JavaThread "Thread-5" [_thread_in_native, id=9196, stack(0x000000acb6000000,0x000000acb6100000)]
  0x000001c5cb1f0800 JavaThread "Thread-4" [_thread_in_native, id=19372, stack(0x000000acb5f00000,0x000000acb6000000)]
  0x000001c5cb5f8800 JavaThread "Thread-3" [_thread_blocked, id=16324, stack(0x000000acb5e00000,0x000000acb5f00000)]
  0x000001c5cb117800 JavaThread "ThreadedStreamConsumer" daemon [_thread_blocked, id=21316, stack(0x000000acb5d00000,0x000000acb5e00000)]
  0x000001c5cae50000 JavaThread "ping-timer-10s" daemon [_thread_blocked, id=22048, stack(0x000000acb5c00000,0x000000acb5d00000)]
  0x000001c5cb063000 JavaThread "timeout-check-timer" daemon [_thread_blocked, id=19808, stack(0x000000acb5b00000,0x000000acb5c00000)]
  0x000001c5cb38a000 JavaThread "resolver-5" daemon [_thread_blocked, id=11172, stack(0x000000acb5a00000,0x000000acb5b00000)]
  0x000001c5cb54d000 JavaThread "resolver-4" daemon [_thread_blocked, id=14152, stack(0x000000acb5900000,0x000000acb5a00000)]
  0x000001c5cac91800 JavaThread "resolver-3" daemon [_thread_blocked, id=19100, stack(0x000000acb5800000,0x000000acb5900000)]
  0x000001c5cb0f8000 JavaThread "resolver-2" daemon [_thread_blocked, id=12300, stack(0x000000acb5700000,0x000000acb5800000)]
  0x000001c5ccbbd000 JavaThread "resolver-1" daemon [_thread_blocked, id=11940, stack(0x000000acb5600000,0x000000acb5700000)]
  0x000001c5c9d03800 JavaThread "Service Thread" daemon [_thread_blocked, id=21176, stack(0x000000acb5400000,0x000000acb5500000)]
=>0x000001c5c8995800 JavaThread "C1 CompilerThread3" daemon [_thread_in_native, id=13672, stack(0x000000acb5300000,0x000000acb5400000)]
  0x000001c5c8956000 JavaThread "C2 CompilerThread2" daemon [_thread_blocked, id=2420, stack(0x000000acb5200000,0x000000acb5300000)]
  0x000001c5c893b800 JavaThread "C2 CompilerThread1" daemon [_thread_blocked, id=17348, stack(0x000000acb5100000,0x000000acb5200000)]
  0x000001c5c8932000 JavaThread "C2 CompilerThread0" daemon [_thread_blocked, id=19300, stack(0x000000acb5000000,0x000000acb5100000)]
  0x000001c5c8931000 JavaThread "Attach Listener" daemon [_thread_blocked, id=3128, stack(0x000000acb4f00000,0x000000acb5000000)]
  0x000001c5c8930000 JavaThread "Signal Dispatcher" daemon [_thread_blocked, id=15328, stack(0x000000acb4e00000,0x000000acb4f00000)]
  0x000001c5c8908800 JavaThread "Finalizer" daemon [_thread_blocked, id=15916, stack(0x000000acb4d00000,0x000000acb4e00000)]
  0x000001c5c88f9800 JavaThread "Reference Handler" daemon [_thread_blocked, id=7468, stack(0x000000acb4c00000,0x000000acb4d00000)]
  0x000001c5b45a3000 JavaThread "main" [_thread_in_native, id=10008, stack(0x000000acb4200000,0x000000acb4300000)]

Other Threads:
  0x000001c5c7d08000 VMThread [stack: 0x000000acb4b00000,0x000000acb4c00000] [id=13592]
  0x000001c5c9cf2800 WatcherThread [stack: 0x000000acb5500000,0x000000acb5600000] [id=21988]

VM state:not at safepoint (normal execution)

VM Mutex/Monitor currently owned by a thread: None

heap address: 0x00000000c8c00000, size: 884 MB, Compressed Oops mode: 32-bit
Narrow klass base: 0x0000000000000000, Narrow klass shift: 3
Compressed class space size: 1073741824 Address: 0x0000000100000000

Heap:
 PSYoungGen      total 128000K, used 19179K [0x00000000ed980000, 0x00000000fa780000, 0x0000000100000000)
  eden space 115712K, 8% used [0x00000000ed980000,0x00000000ee392788,0x00000000f4a80000)
  from space 12288K, 72% used [0x00000000f4a80000,0x00000000f5328618,0x00000000f5680000)
  to   space 12800K, 0% used [0x00000000f9b00000,0x00000000f9b00000,0x00000000fa780000)
 ParOldGen       total 38400K, used 28681K [0x00000000c8c00000, 0x00000000cb180000, 0x00000000ed980000)
  object space 38400K, 74% used [0x00000000c8c00000,0x00000000ca802408,0x00000000cb180000)
 Metaspace       used 19853K, capacity 20294K, committed 20352K, reserved 1067008K
  class space    used 2218K, capacity 2386K, committed 2432K, reserved 1048576K

Card table byte_map: [0x000001c5c53a0000,0x000001c5c5560000] byte_map_base: 0x000001c5c4d5a000

Marking Bits: (ParMarkBitMap*) 0x0000000069376ff0
 Begin Bits: [0x000001c5c5690000, 0x000001c5c6460000)
 End Bits:   [0x000001c5c6460000, 0x000001c5c7230000)

Polling page: 0x000001c5b47f0000

CodeCache: size=245760Kb used=11883Kb max_used=13741Kb free=233876Kb
 bounds [0x000001c5b5fe0000, 0x000001c5b6d70000, 0x000001c5c4fe0000]
 total_blobs=3758 nmethods=3352 adapters=319
 compilation: enabled

Compilation events (10 events):
Event: 24.732 Thread 0x000001c5c8995800 nmethod 3891 0x000001c5b635f950 code [0x000001c5b635fb00, 0x000001c5b6360230]
Event: 24.732 Thread 0x000001c5c8995800 3892       3       java.util.concurrent.ConcurrentLinkedQueue$Itr::hasNext (13 bytes)
Event: 24.733 Thread 0x000001c5c8995800 nmethod 3892 0x000001c5b65db110 code [0x000001c5b65db260, 0x000001c5b65db418]
Event: 24.838 Thread 0x000001c5c8995800 3893       1       org.apache.maven.plugin.surefire.booterclient.ForkStarter::access$700 (5 bytes)
Event: 24.838 Thread 0x000001c5c8995800 nmethod 3893 0x000001c5b65dad90 code [0x000001c5b65daee0, 0x000001c5b65dafd8]
Event: 25.041 Thread 0x000001c5c8995800 3894       1       org.apache.maven.plugin.surefire.booterclient.ForkStarter::access$800 (5 bytes)
Event: 25.041 Thread 0x000001c5c8995800 nmethod 3894 0x000001c5b666fa90 code [0x000001c5b666fbe0, 0x000001c5b666fcd8]
Event: 25.362 Thread 0x000001c5c8995800 3895       3       java.util.Calendar::internalGet (7 bytes)
Event: 25.363 Thread 0x000001c5c8995800 nmethod 3895 0x000001c5b666f650 code [0x000001c5b666f7a0, 0x000001c5b666f918]
Event: 25.363 Thread 0x000001c5c8995800 3896       3       sun.nio.cs.UTF_8$Encoder::encodeArrayLoop (489 bytes)

GC Heap History (10 events):
Event: 4.549 GC heap before
{Heap before GC invocations=5 (full 0):
 PSYoungGen      total 31744K, used 31712K [0x00000000ed980000, 0x00000000efa80000, 0x0000000100000000)
  eden space 29696K, 100% used [0x00000000ed980000,0x00000000ef680000,0x00000000ef680000)
  from space 2048K, 98% used [0x00000000ef880000,0x00000000efa78020,0x00000000efa80000)
  to   space 2048K, 0% used [0x00000000ef680000,0x00000000ef680000,0x00000000ef880000)
 ParOldGen       total 38400K, used 7033K [0x00000000c8c00000, 0x00000000cb180000, 0x00000000ed980000)
  object space 38400K, 18% used [0x00000000c8c00000,0x00000000c92de528,0x00000000cb180000)
 Metaspace       used 15151K, capacity 15368K, committed 15488K, reserved 1062912K
  class space    used 1828K, capacity 1908K, committed 1920K, reserved 1048576K
Event: 4.564 GC heap after
Heap after GC invocations=5 (full 0):
 PSYoungGen      total 31744K, used 2032K [0x00000000ed980000, 0x00000000f2080000, 0x0000000100000000)
  eden space 29696K, 0% used [0x00000000ed980000,0x00000000ed980000,0x00000000ef680000)
  from space 2048K, 99% used [0x00000000ef680000,0x00000000ef87c010,0x00000000ef880000)
  to   space 6656K, 0% used [0x00000000f1a00000,0x00000000f1a00000,0x00000000f2080000)
 ParOldGen       total 38400K, used 11740K [0x00000000c8c00000, 0x00000000cb180000, 0x00000000ed980000)
  object space 38400K, 30% used [0x00000000c8c00000,0x00000000c9777170,0x00000000cb180000)
 Metaspace       used 15151K, capacity 15368K, committed 15488K, reserved 1062912K
  class space    used 1828K, capacity 1908K, committed 1920K, reserved 1048576K
}
Event: 6.169 GC heap before
{Heap before GC invocations=6 (full 0):
 PSYoungGen      total 31744K, used 31728K [0x00000000ed980000, 0x00000000f2080000, 0x0000000100000000)
  eden space 29696K, 100% used [0x00000000ed980000,0x00000000ef680000,0x00000000ef680000)
  from space 2048K, 99% used [0x00000000ef680000,0x00000000ef87c010,0x00000000ef880000)
  to   space 6656K, 0% used [0x00000000f1a00000,0x00000000f1a00000,0x00000000f2080000)
 ParOldGen       total 38400K, used 11740K [0x00000000c8c00000, 0x00000000cb180000, 0x00000000ed980000)
  object space 38400K, 30% used [0x00000000c8c00000,0x00000000c9777170,0x00000000cb180000)
 Metaspace       used 15712K, capacity 15944K, committed 16128K, reserved 1062912K
  class space    used 1866K, capacity 1972K, committed 2048K, reserved 1048576K
Event: 6.190 GC heap after
Heap after GC invocations=6 (full 0):
 PSYoungGen      total 65024K, used 6632K [0x00000000ed980000, 0x00000000f2280000, 0x0000000100000000)
  eden space 58368K, 0% used [0x00000000ed980000,0x00000000ed980000,0x00000000f1280000)
  from space 6656K, 99% used [0x00000000f1a00000,0x00000000f207a128,0x00000000f2080000)
  to   space 7680K, 0% used [0x00000000f1280000,0x00000000f1280000,0x00000000f1a00000)
 ParOldGen       total 38400K, used 11770K [0x00000000c8c00000, 0x00000000cb180000, 0x00000000ed980000)
  object space 38400K, 30% used [0x00000000c8c00000,0x00000000c977e848,0x00000000cb180000)
 Metaspace       used 15712K, capacity 15944K, committed 16128K, reserved 1062912K
  class space    used 1866K, capacity 1972K, committed 2048K, reserved 1048576K
}
Event: 8.732 GC heap before
{Heap before GC invocations=7 (full 0):
 PSYoungGen      total 65024K, used 65000K [0x00000000ed980000, 0x00000000f2280000, 0x0000000100000000)
  eden space 58368K, 100% used [0x00000000ed980000,0x00000000f1280000,0x00000000f1280000)
  from space 6656K, 99% used [0x00000000f1a00000,0x00000000f207a128,0x00000000f2080000)
  to   space 7680K, 0% used [0x00000000f1280000,0x00000000f1280000,0x00000000f1a00000)
 ParOldGen       total 38400K, used 11770K [0x00000000c8c00000, 0x00000000cb180000, 0x00000000ed980000)
  object space 38400K, 30% used [0x00000000c8c00000,0x00000000c977e848,0x00000000cb180000)
 Metaspace       used 16213K, capacity 16510K, committed 16640K, reserved 1064960K
  class space    used 1873K, capacity 1981K, committed 2048K, reserved 1048576K
Event: 8.755 GC heap after
Heap after GC invocations=7 (full 0):
 PSYoungGen      total 66048K, used 7664K [0x00000000ed980000, 0x00000000f6180000, 0x0000000100000000)
  eden space 58368K, 0% used [0x00000000ed980000,0x00000000ed980000,0x00000000f1280000)
  from space 7680K, 99% used [0x00000000f1280000,0x00000000f19fc010,0x00000000f1a00000)
  to   space 11264K, 0% used [0x00000000f5680000,0x00000000f5680000,0x00000000f6180000)
 ParOldGen       total 38400K, used 16716K [0x00000000c8c00000, 0x00000000cb180000, 0x00000000ed980000)
  object space 38400K, 43% used [0x00000000c8c00000,0x00000000c9c53250,0x00000000cb180000)
 Metaspace       used 16213K, capacity 16510K, committed 16640K, reserved 1064960K
  class space    used 1873K, capacity 1981K, committed 2048K, reserved 1048576K
}
Event: 10.246 GC heap before
{Heap before GC invocations=8 (full 0):
 PSYoungGen      total 66048K, used 54666K [0x00000000ed980000, 0x00000000f6180000, 0x0000000100000000)
  eden space 58368K, 80% used [0x00000000ed980000,0x00000000f0766be0,0x00000000f1280000)
  from space 7680K, 99% used [0x00000000f1280000,0x00000000f19fc010,0x00000000f1a00000)
  to   space 11264K, 0% used [0x00000000f5680000,0x00000000f5680000,0x00000000f6180000)
 ParOldGen       total 38400K, used 16716K [0x00000000c8c00000, 0x00000000cb180000, 0x00000000ed980000)
  object space 38400K, 43% used [0x00000000c8c00000,0x00000000c9c53250,0x00000000cb180000)
 Metaspace       used 17450K, capacity 17878K, committed 18048K, reserved 1064960K
  class space    used 1987K, capacity 2117K, committed 2176K, reserved 1048576K
Event: 10.277 GC heap after
Heap after GC invocations=8 (full 0):
 PSYoungGen      total 126976K, used 9607K [0x00000000ed980000, 0x00000000f6380000, 0x0000000100000000)
  eden space 115712K, 0% used [0x00000000ed980000,0x00000000ed980000,0x00000000f4a80000)
  from space 11264K, 85% used [0x00000000f5680000,0x00000000f5fe1ee8,0x00000000f6180000)
  to   space 12288K, 0% used [0x00000000f4a80000,0x00000000f4a80000,0x00000000f5680000)
 ParOldGen       total 38400K, used 24828K [0x00000000c8c00000, 0x00000000cb180000, 0x00000000ed980000)
  object space 38400K, 64% used [0x00000000c8c00000,0x00000000ca43f260,0x00000000cb180000)
 Metaspace       used 17450K, capacity 17878K, committed 18048K, reserved 1064960K
  class space    used 1987K, capacity 2117K, committed 2176K, reserved 1048576K
}
Event: 12.128 GC heap before
{Heap before GC invocations=9 (full 0):
 PSYoungGen      total 126976K, used 125319K [0x00000000ed980000, 0x00000000f6380000, 0x0000000100000000)
  eden space 115712K, 100% used [0x00000000ed980000,0x00000000f4a80000,0x00000000f4a80000)
  from space 11264K, 85% used [0x00000000f5680000,0x00000000f5fe1ee8,0x00000000f6180000)
  to   space 12288K, 0% used [0x00000000f4a80000,0x00000000f4a80000,0x00000000f5680000)
 ParOldGen       total 38400K, used 24828K [0x00000000c8c00000, 0x00000000cb180000, 0x00000000ed980000)
  object space 38400K, 64% used [0x00000000c8c00000,0x00000000ca43f260,0x00000000cb180000)
 Metaspace       used 19348K, capacity 19782K, committed 20096K, reserved 1067008K
  class space    used 2161K, capacity 2322K, committed 2432K, reserved 1048576K
Event: 12.152 GC heap after
Heap after GC invocations=9 (full 0):
 PSYoungGen      total 128000K, used 8865K [0x00000000ed980000, 0x00000000fa780000, 0x0000000100000000)
  eden space 115712K, 0% used [0x00000000ed980000,0x00000000ed980000,0x00000000f4a80000)
  from space 12288K, 72% used [0x00000000f4a80000,0x00000000f5328618,0x00000000f5680000)
  to   space 12800K, 0% used [0x00000000f9b00000,0x00000000f9b00000,0x00000000fa780000)
 ParOldGen       total 38400K, used 28681K [0x00000000c8c00000, 0x00000000cb180000, 0x00000000ed980000)
  object space 38400K, 74% used [0x00000000c8c00000,0x00000000ca802408,0x00000000cb180000)
 Metaspace       used 19348K, capacity 19782K, committed 20096K, reserved 1067008K
  class space    used 2161K, capacity 2322K, committed 2432K, reserved 1048576K
}

Deoptimization events (10 events):
Event: 12.273 Thread 0x000001c5b45a3000 Uncommon trap: reason=class_check action=maybe_recompile pc=0x000001c5b67817cc method=java.util.Collections$UnmodifiableMap$UnmodifiableEntrySet$1.hasNext()Z @ 4
Event: 12.273 Thread 0x000001c5b45a3000 Uncommon trap: reason=class_check action=maybe_recompile pc=0x000001c5b67931a4 method=java.util.Collections$UnmodifiableMap$UnmodifiableEntrySet$1.next()Ljava/util/Map$Entry; @ 8
Event: 12.273 Thread 0x000001c5b45a3000 Uncommon trap: reason=class_check action=maybe_recompile pc=0x000001c5b6794740 method=java.util.Collections$UnmodifiableMap$UnmodifiableEntrySet$UnmodifiableEntry.getKey()Ljava/lang/Object; @ 4
Event: 12.273 Thread 0x000001c5b45a3000 Uncommon trap: reason=class_check action=maybe_recompile pc=0x000001c5b6790800 method=java.util.Collections$UnmodifiableMap$UnmodifiableEntrySet$UnmodifiableEntry.getValue()Ljava/lang/Object; @ 4
Event: 12.273 Thread 0x000001c5b45a3000 Uncommon trap: reason=class_check action=maybe_recompile pc=0x000001c5b67817cc method=java.util.Collections$UnmodifiableMap$UnmodifiableEntrySet$1.hasNext()Z @ 4
Event: 12.273 Thread 0x000001c5b45a3000 Uncommon trap: reason=class_check action=maybe_recompile pc=0x000001c5b67931a4 method=java.util.Collections$UnmodifiableMap$UnmodifiableEntrySet$1.next()Ljava/util/Map$Entry; @ 8
Event: 12.273 Thread 0x000001c5b45a3000 Uncommon trap: reason=class_check action=maybe_recompile pc=0x000001c5b6794740 method=java.util.Collections$UnmodifiableMap$UnmodifiableEntrySet$UnmodifiableEntry.getKey()Ljava/lang/Object; @ 4
Event: 12.273 Thread 0x000001c5b45a3000 Uncommon trap: reason=class_check action=maybe_recompile pc=0x000001c5b6790800 method=java.util.Collections$UnmodifiableMap$UnmodifiableEntrySet$UnmodifiableEntry.getValue()Ljava/lang/Object; @ 4
Event: 13.766 Thread 0x000001c5cb1f0800 Uncommon trap: reason=unstable_if action=reinterpret pc=0x000001c5b6cbcd94 method=java.io.BufferedReader.readLine(Z)Ljava/lang/String; @ 265
Event: 15.106 Thread 0x000001c5cb117800 Uncommon trap: reason=unstable_if action=reinterpret pc=0x000001c5b6b0f048 method=java.nio.charset.CharsetDecoder.decode(Ljava/nio/ByteBuffer;Ljava/nio/CharBuffer;Z)Ljava/nio/charset/CoderResult; @ 1

Classes redefined (0 events):
No events

Internal exceptions (10 events):
Event: 4.039 Thread 0x000001c5b45a3000 Implicit null exception at 0x000001c5b6258cd9 to 0x000001c5b6259075
Event: 4.039 Thread 0x000001c5b45a3000 Implicit null exception at 0x000001c5b61b2556 to 0x000001c5b61b28d5
Event: 4.293 Thread 0x000001c5b45a3000 Implicit null exception at 0x000001c5b65cad1c to 0x000001c5b65cbf75
Event: 5.576 Thread 0x000001c5b45a3000 Implicit null exception at 0x000001c5b6727137 to 0x000001c5b672737d
Event: 6.731 Thread 0x000001c5b45a3000 Implicit null exception at 0x000001c5b68649e0 to 0x000001c5b6864eed
Event: 8.963 Thread 0x000001c5b45a3000 Implicit null exception at 0x000001c5b63debd5 to 0x000001c5b63dedad
Event: 8.966 Thread 0x000001c5b45a3000 Implicit null exception at 0x000001c5b6414def to 0x000001c5b6414e59
Event: 10.096 Thread 0x000001c5b45a3000 Implicit null exception at 0x000001c5b69514fd to 0x000001c5b695190d
Event: 11.756 Thread 0x000001c5cb521800 Implicit null exception at 0x000001c5b67ebf4c to 0x000001c5b67ec019
Event: 11.769 Thread 0x000001c5b45a3000 Exception <a 'java/lang/NoSuchMethodError': org.apache.maven.execution.MavenExecutionRequest.getFailureBehavior()Ljava/lang/String;> (0x00000000f2f82178) thrown at [C:\jenkins\workspace\8-2-build-windows-amd64-cygwin\jdk8u281\880\hotspot\src\share\vm\inte

Events (10 events):
Event: 25.336 loading class org/apache/maven/plugin/surefire/booterclient/output/InPluginProcessDumpSingleton
Event: 25.336 loading class org/apache/maven/plugin/surefire/booterclient/output/InPluginProcessDumpSingleton done
Event: 25.336 loading class org/apache/maven/plugin/surefire/booterclient/output/InPluginProcessDumpSingleton
Event: 25.336 loading class org/apache/maven/plugin/surefire/booterclient/output/InPluginProcessDumpSingleton done
Event: 25.336 loading class org/apache/maven/plugin/surefire/booterclient/output/InPluginProcessDumpSingleton
Event: 25.336 loading class org/apache/maven/plugin/surefire/booterclient/output/InPluginProcessDumpSingleton done
Event: 25.344 loading class java/lang/Throwable$WrappedPrintWriter
Event: 25.345 loading class java/lang/Throwable$PrintStreamOrWriter
Event: 25.346 loading class java/lang/Throwable$PrintStreamOrWriter done
Event: 25.347 loading class java/lang/Throwable$WrappedPrintWriter done


Dynamic libraries:
0x00007ff70ab30000 - 0x00007ff70ab77000 	C:\Program Files\Java\jdk1.8.0_281\bin\javaw.exe
0x00007ffacc6a0000 - 0x00007ffacc8a9000 	C:\WINDOWS\SYSTEM32\ntdll.dll
0x00007ffa9d0a0000 - 0x00007ffa9d0b6000 	C:\Program Files\Avast Software\Avast\aswhook.dll
0x00007ffacafe0000 - 0x00007ffacb09d000 	C:\WINDOWS\System32\KERNEL32.DLL
0x00007ffac9c00000 - 0x00007ffac9f74000 	C:\WINDOWS\System32\KERNELBASE.dll
0x00007ffacc200000 - 0x00007ffacc2ae000 	C:\WINDOWS\System32\ADVAPI32.dll
0x00007ffacb250000 - 0x00007ffacb2f3000 	C:\WINDOWS\System32\msvcrt.dll
0x00007ffacb3a0000 - 0x00007ffacb43e000 	C:\WINDOWS\System32\sechost.dll
0x00007ffacb0a0000 - 0x00007ffacb1c0000 	C:\WINDOWS\System32\RPCRT4.dll
0x00007ffacae30000 - 0x00007ffacafdc000 	C:\WINDOWS\System32\USER32.dll
0x00007ffaca490000 - 0x00007ffaca4b6000 	C:\WINDOWS\System32\win32u.dll
0x00007ffacb1c0000 - 0x00007ffacb1e9000 	C:\WINDOWS\System32\GDI32.dll
0x00007ffaca210000 - 0x00007ffaca322000 	C:\WINDOWS\System32\gdi32full.dll
0x00007ffaca330000 - 0x00007ffaca3cd000 	C:\WINDOWS\System32\msvcp_win.dll
0x00007ffac9f80000 - 0x00007ffaca091000 	C:\WINDOWS\System32\ucrtbase.dll
0x00007ffac02a0000 - 0x00007ffac0545000 	C:\WINDOWS\WinSxS\amd64_microsoft.windows.common-controls_6595b64144ccf1df_6.0.22000.120_none_9d947278b86cc467\COMCTL32.dll
0x00007ffacadf0000 - 0x00007ffacae21000 	C:\WINDOWS\System32\IMM32.DLL
0x00007ffabb950000 - 0x00007ffabb965000 	C:\Program Files\Java\jdk1.8.0_281\jre\bin\vcruntime140.dll
0x00007ffa8bbf0000 - 0x00007ffa8bc8b000 	C:\Program Files\Java\jdk1.8.0_281\jre\bin\msvcp140.dll
0x0000000068b90000 - 0x00000000693ef000 	C:\Program Files\Java\jdk1.8.0_281\jre\bin\server\jvm.dll
0x00007ffacc570000 - 0x00007ffacc578000 	C:\WINDOWS\System32\PSAPI.DLL
0x00007ffac1920000 - 0x00007ffac192a000 	C:\WINDOWS\SYSTEM32\VERSION.dll
0x00007ffabfdf0000 - 0x00007ffabfdf9000 	C:\WINDOWS\SYSTEM32\WSOCK32.dll
0x00007ffacc120000 - 0x00007ffacc18f000 	C:\WINDOWS\System32\WS2_32.dll
0x00007ffac43e0000 - 0x00007ffac4413000 	C:\WINDOWS\SYSTEM32\WINMM.dll
0x00007ffac8c60000 - 0x00007ffac8c78000 	C:\WINDOWS\SYSTEM32\kernel.appcore.dll
0x00007ffab5190000 - 0x00007ffab51a0000 	C:\Program Files\Java\jdk1.8.0_281\jre\bin\verify.dll
0x00007ffab5160000 - 0x00007ffab518b000 	C:\Program Files\Java\jdk1.8.0_281\jre\bin\java.dll
0x00007ffaa88d0000 - 0x00007ffaa88e8000 	C:\Program Files\Java\jdk1.8.0_281\jre\bin\zip.dll
0x00007ffaca630000 - 0x00007ffacadde000 	C:\WINDOWS\System32\SHELL32.dll
0x00007ffac7cc0000 - 0x00007ffac8527000 	C:\WINDOWS\SYSTEM32\windows.storage.dll
0x00007ffacbb60000 - 0x00007ffacbed8000 	C:\WINDOWS\System32\combase.dll
0x00007ffac7b50000 - 0x00007ffac7cb6000 	C:\WINDOWS\SYSTEM32\wintypes.dll
0x00007ffaca540000 - 0x00007ffaca62a000 	C:\WINDOWS\System32\SHCORE.dll
0x00007ffacb1f0000 - 0x00007ffacb24d000 	C:\WINDOWS\System32\shlwapi.dll
0x00007ffac9ac0000 - 0x00007ffac9ae1000 	C:\WINDOWS\SYSTEM32\profapi.dll
0x00007ffac9300000 - 0x00007ffac9318000 	C:\WINDOWS\SYSTEM32\CRYPTSP.dll
0x00007ffac8bb0000 - 0x00007ffac8be5000 	C:\WINDOWS\system32\rsaenh.dll
0x00007ffac91b0000 - 0x00007ffac91d9000 	C:\WINDOWS\SYSTEM32\USERENV.dll
0x00007ffac94f0000 - 0x00007ffac9517000 	C:\WINDOWS\SYSTEM32\bcrypt.dll
0x00007ffaca4c0000 - 0x00007ffaca53f000 	C:\WINDOWS\System32\bcryptprimitives.dll
0x00007ffac9320000 - 0x00007ffac932c000 	C:\WINDOWS\SYSTEM32\CRYPTBASE.dll
0x00007ffa9b180000 - 0x00007ffa9b19c000 	C:\Program Files\Java\jdk1.8.0_281\jre\bin\net.dll
0x00007ffac90a0000 - 0x00007ffac9107000 	C:\WINDOWS\system32\mswsock.dll
0x00007ffac8780000 - 0x00007ffac87ad000 	C:\WINDOWS\SYSTEM32\IPHLPAPI.DLL
0x00007ffacba60000 - 0x00007ffacba69000 	C:\WINDOWS\System32\NSI.dll
0x00007ffac3d00000 - 0x00007ffac3d19000 	C:\WINDOWS\SYSTEM32\dhcpcsvc6.DLL
0x00007ffac4220000 - 0x00007ffac423e000 	C:\WINDOWS\SYSTEM32\dhcpcsvc.DLL
0x00007ffac87b0000 - 0x00007ffac8897000 	C:\WINDOWS\SYSTEM32\DNSAPI.dll
0x00007ffa9af20000 - 0x00007ffa9af33000 	C:\Program Files\Java\jdk1.8.0_281\jre\bin\nio.dll
0x00007ffabb910000 - 0x00007ffabb91a000 	C:\Users\Chinni\AppData\Local\Temp\jansi-1.17.1-5828567341553636573.dll
0x00007ffab4ba0000 - 0x00007ffab4bad000 	C:\Program Files\Java\jdk1.8.0_281\jre\bin\management.dll
0x00007ffaacc00000 - 0x00007ffaacc17000 	C:\WINDOWS\system32\napinsp.dll
0x00007ffaac940000 - 0x00007ffaac95b000 	C:\WINDOWS\system32\pnrpnsp.dll
0x00007ffaac920000 - 0x00007ffaac932000 	C:\WINDOWS\System32\winrnr.dll
0x00007ffaac900000 - 0x00007ffaac915000 	C:\WINDOWS\system32\wshbth.dll
0x00007ffaac8e0000 - 0x00007ffaac8ff000 	C:\WINDOWS\system32\nlansp_c.dll
0x00007ffac0760000 - 0x00007ffac076a000 	C:\Windows\System32\rasadhlp.dll
0x00007ffac23d0000 - 0x00007ffac2451000 	C:\WINDOWS\System32\fwpuclnt.dll
0x00007ffac7700000 - 0x00007ffac7921000 	C:\WINDOWS\SYSTEM32\dbghelp.dll

VM Arguments:
jvm_args: -Dmaven.home=EMBEDDED -Dclassworlds.conf=C:\Users\Chinni\Documents\workspace-spring-tool-suite-4-4.9.0.RELEASE\.metadata\.plugins\org.eclipse.m2e.launching\launches\m2conf7891551532138578974.tmp -Dmaven.multiModuleProjectDirectory=C:\Users\Chinni\git\MFPE-POD2-commit\MFPE-EurekaServer -Djansi.force=true -Djansi.passthrough=true -Dfile.encoding=Cp1252 
java_command: org.codehaus.plexus.classworlds.launcher.Launcher -Ppom.xml -B install -Dstyle.color=always
java_class_path (initial): E:\contents\sts-4.9.0.RELEASE\plugins\org.eclipse.m2e.maven.runtime_1.16.0.20200610-1735\jars\plexus-classworlds-2.6.0.jar
Launcher Type: SUN_STANDARD

Environment Variables:
PATH=E:/contents/sts-4.9.0.RELEASE//plugins/org.eclipse.justj.openjdk.hotspot.jre.full.win32.x86_64_15.0.1.v20201027-0507/jre/bin/server;E:/contents/sts-4.9.0.RELEASE//plugins/org.eclipse.justj.openjdk.hotspot.jre.full.win32.x86_64_15.0.1.v20201027-0507/jre/bin;C:\Program Files (x86)\Common Files\Oracle\Java\javapath;C:\Program Files\Common Files\Oracle\Java\javapath;C:\WINDOWS\system32;C:\WINDOWS;C:\WINDOWS\System32\Wbem;C:\WINDOWS\System32\WindowsPowerShell\v1.0\;C:\WINDOWS\System32\OpenSSH\;C:\Program Files\Git\cmd;C:\Program Files (x86)\PuTTY\;C:\Program Files\Java\jdk1.8.0_281\bin;;C:\Program Files\nodejs\;C:\Program Files\Amazon\AWSCLIV2\;C:\Program Files\MySQL\MySQL Shell 8.0\bin\;C:\Users\Chinni\AppData\Local\Programs\Microsoft VS Code\bin;C:\Program Files\Java\jdk1.8.0_281\bin;C:\Users\Chinni\AppData\Local\Microsoft\WindowsApps;C:\Users\Chinni\AppData\Roaming\npm;C:\Program Files\heroku\bin;E:\contents\sts-4.9.0.RELEASE;
USERNAME=Chinni
OS=Windows_NT
PROCESSOR_IDENTIFIER=AMD64 Family 23 Model 24 Stepping 1, AuthenticAMD



---------------  S Y S T E M  ---------------

OS: Windows 10.0 , 64 bit Build 22000 (10.0.22000.434)

CPU:total 8 (initial active 8) (8 cores per cpu, 1 threads per core) family 23 model 24 stepping 1, cmov, cx8, fxsr, mmx, sse, sse2, sse3, ssse3, sse4.1, sse4.2, popcnt, avx, avx2, aes, clmul, mmxext, 3dnowpref, lzcnt, sse4a, tsc, tscinvbit, tscinv, bmi1

Memory: 4k page, physical 3616372k(299812k free), swap 14626420k(11276k free)

vm_info: Java HotSpot(TM) 64-Bit Server VM (25.281-b09) for windows-amd64 JRE (1.8.0_281-b09), built on Dec  9 2020 13:54:07 by "" with MS VC++ 15.9 (VS2017)

time: Wed Mar 16 11:10:17 2022
timezone: India Standard Time
elapsed time: 25.459445 seconds (0d 0h 0m 25s)

