#
# There is insufficient memory for the Java Runtime Environment to continue.
# Native memory allocation (malloc) failed to allocate 943952 bytes for Chunk::new
# Possible reasons:
#   The system is out of physical RAM or swap space
#   The process is running with CompressedOops enabled, and the Java Heap may be blocking the growth of the native heap
# Possible solutions:
#   Reduce memory load on the system
#   Increase physical memory or swap space
#   Check if swap backing store is full
#   Decrease Java heap size (-Xmx/-Xms)
#   Decrease number of Java threads
#   Decrease Java thread stack sizes (-Xss)
#   Set larger code cache with -XX:ReservedCodeCacheSize=
#   JVM is running with Unscaled Compressed Oops mode in which the Java heap is
#     placed in the first 4GB address space. The Java Heap base address is the
#     maximum limit for the native heap growth. Please use -XX:HeapBaseMinAddress
#     to set the Java Heap base and to place the Java Heap above 4GB virtual address.
# This output file may be truncated or incomplete.
#
#  Out of Memory Error (allocation.cpp:389), pid=10580, tid=0x0000000000003244
#
# JRE version: Java(TM) SE Runtime Environment (8.0_281-b09) (build 1.8.0_281-b09)
# Java VM: Java HotSpot(TM) 64-Bit Server VM (25.281-b09 mixed mode windows-amd64 compressed oops)
# Failed to write core dump. Minidumps are not enabled by default on client versions of Windows
#

---------------  T H R E A D  ---------------

Current thread (0x000002512efa1000):  JavaThread "C2 CompilerThread2" daemon [_thread_in_native, id=12868, stack(0x000000e5a6300000,0x000000e5a6400000)]

Stack: [0x000000e5a6300000,0x000000e5a6400000]
Native frames: (J=compiled Java code, j=interpreted, Vv=VM code, C=native code)
V  [jvm.dll+0x32e5b9]
V  [jvm.dll+0x275012]
V  [jvm.dll+0x275cbd]
V  [jvm.dll+0x26c6f5]
V  [jvm.dll+0xd51fc]
V  [jvm.dll+0xd59fc]
V  [jvm.dll+0x46f915]
V  [jvm.dll+0x437598]
V  [jvm.dll+0x4403d5]
V  [jvm.dll+0x43f795]
V  [jvm.dll+0x42a5e7]
V  [jvm.dll+0xabe9b]
V  [jvm.dll+0xaa4fb]
V  [jvm.dll+0x23d6b2]
V  [jvm.dll+0x291cbc]
C  [ucrtbase.dll+0x26c0c]
C  [KERNEL32.DLL+0x154e0]
C  [ntdll.dll+0x485b]


Current CompileTask:
C2:  12867 3285       4       org.springframework.boot.context.properties.source.SystemEnvironmentPropertyMapper$$Lambda$366/895599632::test (16 bytes)


---------------  P R O C E S S  ---------------

Java Threads: ( => current thread )
  0x00000251304f6800 JavaThread "surefire-forkedjvm-ping-30s" daemon [_thread_blocked, id=20080, stack(0x000000e5a6800000,0x000000e5a6900000)]
  0x0000025130467000 JavaThread "surefire-forkedjvm-command-thread" daemon [_thread_in_native, id=1992, stack(0x000000e5a6700000,0x000000e5a6800000)]
  0x000002512f01d800 JavaThread "Service Thread" daemon [_thread_blocked, id=10500, stack(0x000000e5a6500000,0x000000e5a6600000)]
  0x000002512efa4000 JavaThread "C1 CompilerThread3" daemon [_thread_blocked, id=21812, stack(0x000000e5a6400000,0x000000e5a6500000)]
=>0x000002512efa1000 JavaThread "C2 CompilerThread2" daemon [_thread_in_native, id=12868, stack(0x000000e5a6300000,0x000000e5a6400000)]
  0x000002512efa5800 JavaThread "C2 CompilerThread1" daemon [_thread_in_native, id=10856, stack(0x000000e5a6200000,0x000000e5a6300000)]
  0x000002512ef9c000 JavaThread "C2 CompilerThread0" daemon [_thread_in_native, id=21880, stack(0x000000e5a6100000,0x000000e5a6200000)]
  0x000002512ef96800 JavaThread "Attach Listener" daemon [_thread_blocked, id=22192, stack(0x000000e5a6000000,0x000000e5a6100000)]
  0x000002512ef95800 JavaThread "Signal Dispatcher" daemon [_thread_blocked, id=20448, stack(0x000000e5a5f00000,0x000000e5a6000000)]
  0x000002512ef71000 JavaThread "Finalizer" daemon [_thread_blocked, id=14088, stack(0x000000e5a5e00000,0x000000e5a5f00000)]
  0x000002512ef69000 JavaThread "Reference Handler" daemon [_thread_blocked, id=16108, stack(0x000000e5a5d00000,0x000000e5a5e00000)]
  0x000002511aca4800 JavaThread "main" [_thread_in_Java, id=19176, stack(0x000000e5a5300000,0x000000e5a5400000)]

Other Threads:
  0x000002512ef45800 VMThread [stack: 0x000000e5a5c00000,0x000000e5a5d00000] [id=6656]
  0x00000251303ad000 WatcherThread [stack: 0x000000e5a6600000,0x000000e5a6700000] [id=17964]

VM state:not at safepoint (normal execution)

VM Mutex/Monitor currently owned by a thread: None

heap address: 0x00000000c8c00000, size: 884 MB, Compressed Oops mode: 32-bit
Narrow klass base: 0x0000000000000000, Narrow klass shift: 3
Compressed class space size: 1073741824 Address: 0x0000000100000000

Heap:
 PSYoungGen      total 109056K, used 39417K [0x00000000ed980000, 0x00000000f4d80000, 0x0000000100000000)
  eden space 100352K, 30% used [0x00000000ed980000,0x00000000ef77ebf8,0x00000000f3b80000)
  from space 8704K, 99% used [0x00000000f3b80000,0x00000000f43ff910,0x00000000f4400000)
  to   space 8704K, 0% used [0x00000000f4400000,0x00000000f4400000,0x00000000f4c80000)
 ParOldGen       total 29696K, used 13636K [0x00000000c8c00000, 0x00000000ca900000, 0x00000000ed980000)
  object space 29696K, 45% used [0x00000000c8c00000,0x00000000c99513c0,0x00000000ca900000)
 Metaspace       used 32316K, capacity 34858K, committed 34944K, reserved 1079296K
  class space    used 4246K, capacity 4713K, committed 4736K, reserved 1048576K

Card table byte_map: [0x000002512ba00000,0x000002512bbc0000] byte_map_base: 0x000002512b3ba000

Marking Bits: (ParMarkBitMap*) 0x0000000069376ff0
 Begin Bits: [0x000002512bcf0000, 0x000002512cac0000)
 End Bits:   [0x000002512cac0000, 0x000002512d890000)

Polling page: 0x000002511ac60000

CodeCache: size=245760Kb used=11777Kb max_used=11777Kb free=233982Kb
 bounds [0x000002511c640000, 0x000002511d1d0000, 0x000002512b640000]
 total_blobs=3555 nmethods=3138 adapters=330
 compilation: enabled

Compilation events (10 events):
Event: 12.724 Thread 0x000002512efa4000 3373   !   3       com.sun.beans.finder.ClassFinder::findClass (43 bytes)
Event: 12.727 Thread 0x000002512efa4000 nmethod 3373 0x000002511d1b85d0 code [0x000002511d1b88a0, 0x000002511d1b9e10]
Event: 12.727 Thread 0x000002512efa4000 3374       3       org.springframework.beans.GenericTypeAwarePropertyDescriptor::<init> (323 bytes)
Event: 12.735 Thread 0x000002512efa4000 nmethod 3374 0x000002511d1baa90 code [0x000002511d1baf40, 0x000002511d1bde00]
Event: 12.735 Thread 0x000002512efa4000 3375       3       java.beans.PropertyDescriptor::<init> (63 bytes)
Event: 12.737 Thread 0x000002512efa4000 nmethod 3375 0x000002511d1bfc50 code [0x000002511d1bfe40, 0x000002511d1c0750]
Event: 12.778 Thread 0x000002512efa4000 3376       3       jdk.internal.org.objectweb.asm.MethodVisitor::visitTypeInsn (17 bytes)
Event: 12.779 Thread 0x000002512efa4000 nmethod 3376 0x000002511d1c2b50 code [0x000002511d1c2cc0, 0x000002511d1c2f30]
Event: 12.794 Thread 0x000002512efa4000 3377       3       java.lang.Class$MethodArray::compactAndTrim (69 bytes)
Event: 12.795 Thread 0x000002512efa4000 nmethod 3377 0x000002511d1c3010 code [0x000002511d1c31c0, 0x000002511d1c3830]

GC Heap History (10 events):
Event: 6.717 GC heap before
{Heap before GC invocations=6 (full 0):
 PSYoungGen      total 59392K, used 8518K [0x00000000ed980000, 0x00000000f1f80000, 0x0000000100000000)
  eden space 57344K, 11% used [0x00000000ed980000,0x00000000edfd46a8,0x00000000f1180000)
  from space 2048K, 99% used [0x00000000f1380000,0x00000000f157d250,0x00000000f1580000)
  to   space 7168K, 0% used [0x00000000f1880000,0x00000000f1880000,0x00000000f1f80000)
 ParOldGen       total 38400K, used 11262K [0x00000000c8c00000, 0x00000000cb180000, 0x00000000ed980000)
  object space 38400K, 29% used [0x00000000c8c00000,0x00000000c96ffa00,0x00000000cb180000)
 Metaspace       used 19668K, capacity 21156K, committed 21296K, reserved 1067008K
  class space    used 2546K, capacity 2850K, committed 2944K, reserved 1048576K
Event: 6.739 GC heap after
Heap after GC invocations=6 (full 0):
 PSYoungGen      total 64512K, used 3095K [0x00000000ed980000, 0x00000000f1f80000, 0x0000000100000000)
  eden space 57344K, 0% used [0x00000000ed980000,0x00000000ed980000,0x00000000f1180000)
  from space 7168K, 43% used [0x00000000f1880000,0x00000000f1b85eb8,0x00000000f1f80000)
  to   space 2048K, 0% used [0x00000000f1380000,0x00000000f1380000,0x00000000f1580000)
 ParOldGen       total 38400K, used 11270K [0x00000000c8c00000, 0x00000000cb180000, 0x00000000ed980000)
  object space 38400K, 29% used [0x00000000c8c00000,0x00000000c9701a00,0x00000000cb180000)
 Metaspace       used 19668K, capacity 21156K, committed 21296K, reserved 1067008K
  class space    used 2546K, capacity 2850K, committed 2944K, reserved 1048576K
}
Event: 6.739 GC heap before
{Heap before GC invocations=7 (full 1):
 PSYoungGen      total 64512K, used 3095K [0x00000000ed980000, 0x00000000f1f80000, 0x0000000100000000)
  eden space 57344K, 0% used [0x00000000ed980000,0x00000000ed980000,0x00000000f1180000)
  from space 7168K, 43% used [0x00000000f1880000,0x00000000f1b85eb8,0x00000000f1f80000)
  to   space 2048K, 0% used [0x00000000f1380000,0x00000000f1380000,0x00000000f1580000)
 ParOldGen       total 38400K, used 11270K [0x00000000c8c00000, 0x00000000cb180000, 0x00000000ed980000)
  object space 38400K, 29% used [0x00000000c8c00000,0x00000000c9701a00,0x00000000cb180000)
 Metaspace       used 19668K, capacity 21156K, committed 21296K, reserved 1067008K
  class space    used 2546K, capacity 2850K, committed 2944K, reserved 1048576K
Event: 6.810 GC heap after
Heap after GC invocations=7 (full 1):
 PSYoungGen      total 64512K, used 0K [0x00000000ed980000, 0x00000000f1f80000, 0x0000000100000000)
  eden space 57344K, 0% used [0x00000000ed980000,0x00000000ed980000,0x00000000f1180000)
  from space 7168K, 0% used [0x00000000f1880000,0x00000000f1880000,0x00000000f1f80000)
  to   space 2048K, 0% used [0x00000000f1380000,0x00000000f1380000,0x00000000f1580000)
 ParOldGen       total 29696K, used 5850K [0x00000000c8c00000, 0x00000000ca900000, 0x00000000ed980000)
  object space 29696K, 19% used [0x00000000c8c00000,0x00000000c91b6ab8,0x00000000ca900000)
 Metaspace       used 19668K, capacity 21156K, committed 21296K, reserved 1067008K
  class space    used 2546K, capacity 2850K, committed 2944K, reserved 1048576K
}
Event: 7.765 GC heap before
{Heap before GC invocations=8 (full 1):
 PSYoungGen      total 64512K, used 57344K [0x00000000ed980000, 0x00000000f1f80000, 0x0000000100000000)
  eden space 57344K, 100% used [0x00000000ed980000,0x00000000f1180000,0x00000000f1180000)
  from space 7168K, 0% used [0x00000000f1880000,0x00000000f1880000,0x00000000f1f80000)
  to   space 2048K, 0% used [0x00000000f1380000,0x00000000f1380000,0x00000000f1580000)
 ParOldGen       total 29696K, used 5850K [0x00000000c8c00000, 0x00000000ca900000, 0x00000000ed980000)
  object space 29696K, 19% used [0x00000000c8c00000,0x00000000c91b6ab8,0x00000000ca900000)
 Metaspace       used 25113K, capacity 26752K, committed 27008K, reserved 1073152K
  class space    used 3236K, capacity 3596K, committed 3712K, reserved 1048576K
Event: 7.780 GC heap after
Heap after GC invocations=8 (full 1):
 PSYoungGen      total 61440K, used 2016K [0x00000000ed980000, 0x00000000f4c80000, 0x0000000100000000)
  eden space 59392K, 0% used [0x00000000ed980000,0x00000000ed980000,0x00000000f1380000)
  from space 2048K, 98% used [0x00000000f1380000,0x00000000f1578020,0x00000000f1580000)
  to   space 8704K, 0% used [0x00000000f4400000,0x00000000f4400000,0x00000000f4c80000)
 ParOldGen       total 29696K, used 11593K [0x00000000c8c00000, 0x00000000ca900000, 0x00000000ed980000)
  object space 29696K, 39% used [0x00000000c8c00000,0x00000000c9752500,0x00000000ca900000)
 Metaspace       used 25113K, capacity 26752K, committed 27008K, reserved 1073152K
  class space    used 3236K, capacity 3596K, committed 3712K, reserved 1048576K
}
Event: 9.218 GC heap before
{Heap before GC invocations=9 (full 1):
 PSYoungGen      total 61440K, used 61408K [0x00000000ed980000, 0x00000000f4c80000, 0x0000000100000000)
  eden space 59392K, 100% used [0x00000000ed980000,0x00000000f1380000,0x00000000f1380000)
  from space 2048K, 98% used [0x00000000f1380000,0x00000000f1578020,0x00000000f1580000)
  to   space 8704K, 0% used [0x00000000f4400000,0x00000000f4400000,0x00000000f4c80000)
 ParOldGen       total 29696K, used 11593K [0x00000000c8c00000, 0x00000000ca900000, 0x00000000ed980000)
  object space 29696K, 39% used [0x00000000c8c00000,0x00000000c9752500,0x00000000ca900000)
 Metaspace       used 26572K, capacity 28376K, committed 28672K, reserved 1075200K
  class space    used 3406K, capacity 3774K, committed 3840K, reserved 1048576K
Event: 9.229 GC heap after
Heap after GC invocations=9 (full 1):
 PSYoungGen      total 109056K, used 5363K [0x00000000ed980000, 0x00000000f4d80000, 0x0000000100000000)
  eden space 100352K, 0% used [0x00000000ed980000,0x00000000ed980000,0x00000000f3b80000)
  from space 8704K, 61% used [0x00000000f4400000,0x00000000f493ce90,0x00000000f4c80000)
  to   space 8704K, 0% used [0x00000000f3b80000,0x00000000f3b80000,0x00000000f4400000)
 ParOldGen       total 29696K, used 11601K [0x00000000c8c00000, 0x00000000ca900000, 0x00000000ed980000)
  object space 29696K, 39% used [0x00000000c8c00000,0x00000000c9754500,0x00000000ca900000)
 Metaspace       used 26572K, capacity 28376K, committed 28672K, reserved 1075200K
  class space    used 3406K, capacity 3774K, committed 3840K, reserved 1048576K
}
Event: 11.844 GC heap before
{Heap before GC invocations=10 (full 1):
 PSYoungGen      total 109056K, used 105715K [0x00000000ed980000, 0x00000000f4d80000, 0x0000000100000000)
  eden space 100352K, 100% used [0x00000000ed980000,0x00000000f3b80000,0x00000000f3b80000)
  from space 8704K, 61% used [0x00000000f4400000,0x00000000f493ce90,0x00000000f4c80000)
  to   space 8704K, 0% used [0x00000000f3b80000,0x00000000f3b80000,0x00000000f4400000)
 ParOldGen       total 29696K, used 11601K [0x00000000c8c00000, 0x00000000ca900000, 0x00000000ed980000)
  object space 29696K, 39% used [0x00000000c8c00000,0x00000000c9754500,0x00000000ca900000)
 Metaspace       used 31429K, capacity 33944K, committed 34048K, reserved 1079296K
  class space    used 4117K, capacity 4570K, committed 4608K, reserved 1048576K
Event: 11.865 GC heap after
Heap after GC invocations=10 (full 1):
 PSYoungGen      total 109056K, used 8702K [0x00000000ed980000, 0x00000000f4d80000, 0x0000000100000000)
  eden space 100352K, 0% used [0x00000000ed980000,0x00000000ed980000,0x00000000f3b80000)
  from space 8704K, 99% used [0x00000000f3b80000,0x00000000f43ff910,0x00000000f4400000)
  to   space 8704K, 0% used [0x00000000f4400000,0x00000000f4400000,0x00000000f4c80000)
 ParOldGen       total 29696K, used 13636K [0x00000000c8c00000, 0x00000000ca900000, 0x00000000ed980000)
  object space 29696K, 45% used [0x00000000c8c00000,0x00000000c99513c0,0x00000000ca900000)
 Metaspace       used 31429K, capacity 33944K, committed 34048K, reserved 1079296K
  class space    used 4117K, capacity 4570K, committed 4608K, reserved 1048576K
}

Deoptimization events (10 events):
Event: 11.135 Thread 0x000002511aca4800 Uncommon trap: reason=class_check action=maybe_recompile pc=0x000002511d07ca34 method=org.springframework.beans.factory.support.AbstractBeanFactory.getBeanPostProcessorCache()Lorg/springframework/beans/factory/support/AbstractBeanFactory$BeanPostProcessor
Event: 11.210 Thread 0x000002511aca4800 Uncommon trap: reason=class_check action=maybe_recompile pc=0x000002511d07ca34 method=org.springframework.beans.factory.support.AbstractBeanFactory.getBeanPostProcessorCache()Lorg/springframework/beans/factory/support/AbstractBeanFactory$BeanPostProcessor
Event: 11.267 Thread 0x000002511aca4800 Uncommon trap: reason=class_check action=maybe_recompile pc=0x000002511d07ca34 method=org.springframework.beans.factory.support.AbstractBeanFactory.getBeanPostProcessorCache()Lorg/springframework/beans/factory/support/AbstractBeanFactory$BeanPostProcessor
Event: 11.355 Thread 0x000002511aca4800 Uncommon trap: reason=unstable_if action=reinterpret pc=0x000002511cc5f71c method=java.io.WinNTFileSystem.normalize(Ljava/lang/String;II)Ljava/lang/String; @ 103
Event: 11.363 Thread 0x000002511aca4800 Uncommon trap: reason=unstable_if action=reinterpret pc=0x000002511c8097dc method=java.io.WinNTFileSystem.resolve(Ljava/lang/String;Ljava/lang/String;)Ljava/lang/String; @ 117
Event: 11.363 Thread 0x000002511aca4800 Uncommon trap: reason=unstable_if action=reinterpret pc=0x000002511cc77000 method=java.io.WinNTFileSystem.prefixLength(Ljava/lang/String;)I @ 42
Event: 11.558 Thread 0x000002511aca4800 Uncommon trap: reason=unstable_if action=reinterpret pc=0x000002511cecc660 method=org.springframework.boot.context.properties.source.SpringConfigurationPropertySources$SourcesIterator.fetchNext()Lorg/springframework/boot/context/properties/source/Configur
Event: 11.832 Thread 0x000002511aca4800 Uncommon trap: reason=unstable_if action=reinterpret pc=0x000002511d0884c0 method=java.lang.reflect.Method.equals(Ljava/lang/Object;)Z @ 49
Event: 11.886 Thread 0x000002511aca4800 Uncommon trap: reason=unstable_if action=reinterpret pc=0x000002511cb8e278 method=org.springframework.util.ConcurrentReferenceHashMap$Segment.findInChain(Lorg/springframework/util/ConcurrentReferenceHashMap$Reference;Ljava/lang/Object;I)Lorg/springframewo
Event: 12.705 Thread 0x000002511aca4800 Uncommon trap: reason=unstable_if action=reinterpret pc=0x000002511ce91810 method=java.lang.invoke.MethodType.checkPtypes([Ljava/lang/Class;)I @ 40

Classes redefined (0 events):
No events

Internal exceptions (10 events):
Event: 12.657 Thread 0x000002511aca4800 Exception <a 'java/lang/ClassNotFoundException': java/lang/ObjectCustomizer> (0x00000000ef29c578) thrown at [C:\jenkins\workspace\8-2-build-windows-amd64-cygwin\jdk8u281\880\hotspot\src\share\vm\classfile\systemDictionary.cpp, line 212]
Event: 12.660 Thread 0x000002511aca4800 Exception <a 'java/lang/ClassNotFoundException': org/springframework/boot/actuate/autoconfigure/metrics/JvmMetricsAutoConfigurationCustomizer> (0x00000000ef2d1e30) thrown at [C:\jenkins\workspace\8-2-build-windows-amd64-cygwin\jdk8u281\880\hotspot\src\sha
Event: 12.723 Thread 0x000002511aca4800 Exception <a 'java/lang/ClassNotFoundException': java/lang/ObjectCustomizer> (0x00000000ef34bb48) thrown at [C:\jenkins\workspace\8-2-build-windows-amd64-cygwin\jdk8u281\880\hotspot\src\share\vm\classfile\systemDictionary.cpp, line 212]
Event: 12.725 Thread 0x000002511aca4800 Exception <a 'java/lang/ClassNotFoundException': io/micrometer/core/instrument/binder/jvm/JvmGcMetricsCustomizer> (0x00000000ef374eb8) thrown at [C:\jenkins\workspace\8-2-build-windows-amd64-cygwin\jdk8u281\880\hotspot\src\share\vm\classfile\systemDiction
Event: 12.731 Thread 0x000002511aca4800 Exception <a 'java/lang/ClassNotFoundException': io/micrometer/core/instrument/binder/MeterBinderCustomizer> (0x00000000ef39a8a0) thrown at [C:\jenkins\workspace\8-2-build-windows-amd64-cygwin\jdk8u281\880\hotspot\src\share\vm\classfile\systemDictionary.c
Event: 12.784 Thread 0x000002511aca4800 Exception <a 'java/lang/ClassNotFoundException': java/lang/ObjectCustomizer> (0x00000000ef45db38) thrown at [C:\jenkins\workspace\8-2-build-windows-amd64-cygwin\jdk8u281\880\hotspot\src\share\vm\classfile\systemDictionary.cpp, line 212]
Event: 12.786 Thread 0x000002511aca4800 Exception <a 'java/lang/ClassNotFoundException': io/micrometer/core/instrument/binder/jvm/JvmHeapPressureMetricsCustomizer> (0x00000000ef48abe0) thrown at [C:\jenkins\workspace\8-2-build-windows-amd64-cygwin\jdk8u281\880\hotspot\src\share\vm\classfile\sys
Event: 12.791 Thread 0x000002511aca4800 Exception <a 'java/lang/ClassNotFoundException': io/micrometer/core/instrument/binder/MeterBinderCustomizer> (0x00000000ef4b0698) thrown at [C:\jenkins\workspace\8-2-build-windows-amd64-cygwin\jdk8u281\880\hotspot\src\share\vm\classfile\systemDictionary.c
Event: 12.795 Thread 0x000002511aca4800 Exception <a 'java/lang/ClassNotFoundException': java/lang/ObjectCustomizer> (0x00000000ef4c00e0) thrown at [C:\jenkins\workspace\8-2-build-windows-amd64-cygwin\jdk8u281\880\hotspot\src\share\vm\classfile\systemDictionary.cpp, line 212]
Event: 12.798 Thread 0x000002511aca4800 Exception <a 'java/lang/ClassNotFoundException': io/micrometer/core/instrument/binder/jvm/JvmMemoryMetricsCustomizer> (0x00000000ef4eb678) thrown at [C:\jenkins\workspace\8-2-build-windows-amd64-cygwin\jdk8u281\880\hotspot\src\share\vm\classfile\systemDic

Events (10 events):
Event: 12.795 loading class java/lang/ObjectCustomizer
Event: 12.795 loading class java/lang/ObjectCustomizer done
Event: 12.796 loading class io/micrometer/core/instrument/binder/jvm/JvmMemoryMetricsCustomizer
Event: 12.796 loading class io/micrometer/core/instrument/binder/jvm/JvmMemoryMetricsCustomizer done
Event: 12.797 loading class io/micrometer/core/instrument/binder/jvm/JvmMemoryMetricsCustomizer
Event: 12.797 loading class io/micrometer/core/instrument/binder/jvm/JvmMemoryMetricsCustomizer done
Event: 12.798 loading class io/micrometer/core/instrument/binder/jvm/JvmMemoryMetricsCustomizer
Event: 12.798 loading class io/micrometer/core/instrument/binder/jvm/JvmMemoryMetricsCustomizer done
Event: 12.798 loading class io/micrometer/core/instrument/binder/MeterBinderCustomizer
Event: 12.798 loading class io/micrometer/core/instrument/binder/MeterBinderCustomizer done


Dynamic libraries:
0x00007ff76eb70000 - 0x00007ff76ebb7000 	C:\Program Files\Java\jdk1.8.0_281\jre\bin\java.exe
0x00007ffacc6a0000 - 0x00007ffacc8a9000 	C:\WINDOWS\SYSTEM32\ntdll.dll
0x00007ffa9d0a0000 - 0x00007ffa9d0b6000 	C:\Program Files\Avast Software\Avast\aswhook.dll
0x00007ffacafe0000 - 0x00007ffacb09d000 	C:\WINDOWS\System32\KERNEL32.DLL
0x00007ffac9c00000 - 0x00007ffac9f74000 	C:\WINDOWS\System32\KERNELBASE.dll
0x00007ffacc200000 - 0x00007ffacc2ae000 	C:\WINDOWS\System32\ADVAPI32.dll
0x00007ffacb250000 - 0x00007ffacb2f3000 	C:\WINDOWS\System32\msvcrt.dll
0x00007ffacb3a0000 - 0x00007ffacb43e000 	C:\WINDOWS\System32\sechost.dll
0x00007ffacb0a0000 - 0x00007ffacb1c0000 	C:\WINDOWS\System32\RPCRT4.dll
0x00007ffacae30000 - 0x00007ffacafdc000 	C:\WINDOWS\System32\USER32.dll
0x00007ffaca490000 - 0x00007ffaca4b6000 	C:\WINDOWS\System32\win32u.dll
0x00007ffacb1c0000 - 0x00007ffacb1e9000 	C:\WINDOWS\System32\GDI32.dll
0x00007ffaca210000 - 0x00007ffaca322000 	C:\WINDOWS\System32\gdi32full.dll
0x00007ffaca330000 - 0x00007ffaca3cd000 	C:\WINDOWS\System32\msvcp_win.dll
0x00007ffac9f80000 - 0x00007ffaca091000 	C:\WINDOWS\System32\ucrtbase.dll
0x00007ffac02a0000 - 0x00007ffac0545000 	C:\WINDOWS\WinSxS\amd64_microsoft.windows.common-controls_6595b64144ccf1df_6.0.22000.120_none_9d947278b86cc467\COMCTL32.dll
0x00007ffacadf0000 - 0x00007ffacae21000 	C:\WINDOWS\System32\IMM32.DLL
0x00007ffabb950000 - 0x00007ffabb965000 	C:\Program Files\Java\jdk1.8.0_281\jre\bin\vcruntime140.dll
0x00007ffa8bbf0000 - 0x00007ffa8bc8b000 	C:\Program Files\Java\jdk1.8.0_281\jre\bin\msvcp140.dll
0x0000000068b90000 - 0x00000000693ef000 	C:\Program Files\Java\jdk1.8.0_281\jre\bin\server\jvm.dll
0x00007ffacc570000 - 0x00007ffacc578000 	C:\WINDOWS\System32\PSAPI.DLL
0x00007ffac43e0000 - 0x00007ffac4413000 	C:\WINDOWS\SYSTEM32\WINMM.dll
0x00007ffabfdf0000 - 0x00007ffabfdf9000 	C:\WINDOWS\SYSTEM32\WSOCK32.dll
0x00007ffac1920000 - 0x00007ffac192a000 	C:\WINDOWS\SYSTEM32\VERSION.dll
0x00007ffacc120000 - 0x00007ffacc18f000 	C:\WINDOWS\System32\WS2_32.dll
0x00007ffac8c60000 - 0x00007ffac8c78000 	C:\WINDOWS\SYSTEM32\kernel.appcore.dll
0x00007ffab5190000 - 0x00007ffab51a0000 	C:\Program Files\Java\jdk1.8.0_281\jre\bin\verify.dll
0x00007ffab5160000 - 0x00007ffab518b000 	C:\Program Files\Java\jdk1.8.0_281\jre\bin\java.dll
0x00007ffaa88d0000 - 0x00007ffaa88e8000 	C:\Program Files\Java\jdk1.8.0_281\jre\bin\zip.dll
0x00007ffaca630000 - 0x00007ffacadde000 	C:\WINDOWS\System32\SHELL32.dll
0x00007ffac7cc0000 - 0x00007ffac8527000 	C:\WINDOWS\SYSTEM32\windows.storage.dll
0x00007ffacbb60000 - 0x00007ffacbed8000 	C:\WINDOWS\System32\combase.dll
0x00007ffac7b50000 - 0x00007ffac7cb6000 	C:\WINDOWS\SYSTEM32\wintypes.dll
0x00007ffaca540000 - 0x00007ffaca62a000 	C:\WINDOWS\System32\SHCORE.dll
0x00007ffacb1f0000 - 0x00007ffacb24d000 	C:\WINDOWS\System32\shlwapi.dll
0x00007ffac9ac0000 - 0x00007ffac9ae1000 	C:\WINDOWS\SYSTEM32\profapi.dll
0x00007ffab4ba0000 - 0x00007ffab4bad000 	C:\Program Files\Java\jdk1.8.0_281\jre\bin\management.dll
0x00007ffa9b180000 - 0x00007ffa9b19c000 	C:\Program Files\Java\jdk1.8.0_281\jre\bin\net.dll
0x00007ffac90a0000 - 0x00007ffac9107000 	C:\WINDOWS\system32\mswsock.dll
0x00007ffa9af20000 - 0x00007ffa9af33000 	C:\Program Files\Java\jdk1.8.0_281\jre\bin\nio.dll
0x00007ffac8780000 - 0x00007ffac87ad000 	C:\WINDOWS\SYSTEM32\IPHLPAPI.DLL
0x00007ffacba60000 - 0x00007ffacba69000 	C:\WINDOWS\System32\NSI.dll
0x00007ffac3d00000 - 0x00007ffac3d19000 	C:\WINDOWS\SYSTEM32\dhcpcsvc6.DLL
0x00007ffac4220000 - 0x00007ffac423e000 	C:\WINDOWS\SYSTEM32\dhcpcsvc.DLL
0x00007ffac87b0000 - 0x00007ffac8897000 	C:\WINDOWS\SYSTEM32\DNSAPI.dll
0x00007ffac0760000 - 0x00007ffac076a000 	C:\Windows\System32\rasadhlp.dll
0x00007ffac23d0000 - 0x00007ffac2451000 	C:\WINDOWS\System32\fwpuclnt.dll
0x00007ffaacc00000 - 0x00007ffaacc17000 	C:\WINDOWS\system32\napinsp.dll
0x00007ffaac940000 - 0x00007ffaac95b000 	C:\WINDOWS\system32\pnrpnsp.dll
0x00007ffaac920000 - 0x00007ffaac932000 	C:\WINDOWS\System32\winrnr.dll
0x00007ffaac900000 - 0x00007ffaac915000 	C:\WINDOWS\system32\wshbth.dll
0x00007ffaac8e0000 - 0x00007ffaac8ff000 	C:\WINDOWS\system32\nlansp_c.dll
0x00007ffac7700000 - 0x00007ffac7921000 	C:\WINDOWS\SYSTEM32\dbghelp.dll
0x00007ffaca4c0000 - 0x00007ffaca53f000 	C:\WINDOWS\System32\bcryptPrimitives.dll

VM Arguments:
java_command: C:\Users\Chinni\AppData\Local\Temp\surefire1745170580356063074\surefirebooter8267908737671619233.jar C:\Users\Chinni\AppData\Local\Temp\surefire1745170580356063074 2022-03-16T11-10-04_216-jvmRun1 surefire2004594817191228181tmp surefire_08050048988258777599tmp
java_class_path (initial): C:\Users\Chinni\AppData\Local\Temp\surefire1745170580356063074\surefirebooter8267908737671619233.jar
Launcher Type: SUN_STANDARD

Environment Variables:
PATH=E:/contents/sts-4.9.0.RELEASE//plugins/org.eclipse.justj.openjdk.hotspot.jre.full.win32.x86_64_15.0.1.v20201027-0507/jre/bin/server;E:/contents/sts-4.9.0.RELEASE//plugins/org.eclipse.justj.openjdk.hotspot.jre.full.win32.x86_64_15.0.1.v20201027-0507/jre/bin;C:\Program Files (x86)\Common Files\Oracle\Java\javapath;C:\Program Files\Common Files\Oracle\Java\javapath;C:\WINDOWS\system32;C:\WINDOWS;C:\WINDOWS\System32\Wbem;C:\WINDOWS\System32\WindowsPowerShell\v1.0\;C:\WINDOWS\System32\OpenSSH\;C:\Program Files\Git\cmd;C:\Program Files (x86)\PuTTY\;C:\Program Files\Java\jdk1.8.0_281\bin;;C:\Program Files\nodejs\;C:\Program Files\Amazon\AWSCLIV2\;C:\Program Files\MySQL\MySQL Shell 8.0\bin\;C:\Users\Chinni\AppData\Local\Programs\Microsoft VS Code\bin;C:\Program Files\Java\jdk1.8.0_281\bin;C:\Users\Chinni\AppData\Local\Microsoft\WindowsApps;C:\Users\Chinni\AppData\Roaming\npm;C:\Program Files\heroku\bin;E:\contents\sts-4.9.0.RELEASE;
USERNAME=Chinni
OS=Windows_NT
PROCESSOR_IDENTIFIER=AMD64 Family 23 Model 24 Stepping 1, AuthenticAMD



---------------  S Y S T E M  ---------------

OS: Windows 10.0 , 64 bit Build 22000 (10.0.22000.434)

CPU:total 8 (initial active 8) (8 cores per cpu, 1 threads per core) family 23 model 24 stepping 1, cmov, cx8, fxsr, mmx, sse, sse2, sse3, ssse3, sse4.1, sse4.2, popcnt, avx, avx2, aes, clmul, mmxext, 3dnowpref, lzcnt, sse4a, tsc, tscinvbit, tscinv, bmi1

Memory: 4k page, physical 3616372k(298884k free), swap 14626420k(11800k free)

vm_info: Java HotSpot(TM) 64-Bit Server VM (25.281-b09) for windows-amd64 JRE (1.8.0_281-b09), built on Dec  9 2020 13:54:07 by "" with MS VC++ 15.9 (VS2017)

time: Wed Mar 16 11:10:17 2022
timezone: India Standard Time
elapsed time: 12.883074 seconds (0d 0h 0m 12s)

